[debug] [2017-11-17T08:32:38.020Z] ----------------------------------------------------------------------
[debug] [2017-11-17T08:32:38.024Z] Command:       C:\Program Files\nodejs\node.exe C:\Users\Jonathan\AppData\Roaming\npm\node_modules\firebase-tools\bin\firebase init
[debug] [2017-11-17T08:32:38.024Z] CLI Version:   3.15.0
[debug] [2017-11-17T08:32:38.024Z] Platform:      win32
[debug] [2017-11-17T08:32:38.024Z] Node Version:  v8.6.0
[debug] [2017-11-17T08:32:38.025Z] Time:          Fri Nov 17 2017 10:32:38 GMT+0200 (Jerusalem Standard Time)
[debug] [2017-11-17T08:32:38.025Z] ----------------------------------------------------------------------
[debug] 
[debug] [2017-11-17T08:32:38.121Z] > command requires scopes: ["email","openid","https://www.googleapis.com/auth/cloudplatformprojects.readonly","https://www.googleapis.com/auth/firebase"]
[debug] [2017-11-17T08:32:38.121Z] > authorizing via signed-in user
[info] 
     ######## #### ########  ######## ########     ###     ######  ########
     ##        ##  ##     ## ##       ##     ##  ##   ##  ##       ##
     ######    ##  ########  ######   ########  #########  ######  ######
     ##        ##  ##    ##  ##       ##     ## ##     ##       ## ##
     ##       #### ##     ## ######## ########  ##     ##  ######  ########

You're about to initialize a Firebase project in this directory:

  C:\final project\Keepers-projects\Keepers-bot

Before we get started, keep in mind:

  * You are currently outside your home directory
  * You are initializing in an existing Firebase project directory

